2023-04-09 00:03:31,815 - my_logger - INFO - GET /docs - 200 - None
2023-04-09 00:03:32,007 - my_logger - INFO - GET /openapi.json - 200 - None
2023-04-09 00:04:48,616 - my_logger - INFO - GET /fetch - 200 - None
2023-04-09 00:04:48,617 - my_logger - INFO - GET /docs - 200 - None
2023-04-09 00:04:54,655 - my_logger - INFO - GET /docs - 200 - None
2023-04-09 00:04:54,840 - my_logger - INFO - GET /openapi.json - 200 - None
2023-04-09 00:06:23,389 - my_logger - INFO - GET /fetch - 200 - None
2023-04-09 00:08:10,179 - my_logger - INFO - GET /fetch - 200 - None
2023-04-09 00:11:17,524 - my_logger - INFO - GET /fetch - 200 - None
2023-04-09 00:11:21,753 - my_logger - INFO - GET /fetch - 200 - None
2023-04-09 00:11:28,935 - my_logger - INFO - GET /fetch - 200 - None
2023-04-09 00:14:01,719 - my_logger - INFO - GET /fetch - 200 - None
2023-04-09 00:15:36,729 - my_logger - INFO - GET /docs - 200 - None
2023-04-09 00:15:36,914 - my_logger - INFO - GET /openapi.json - 200 - None
2023-04-09 00:16:15,190 - my_logger - INFO - GET /fetch - 200 - None
2023-04-09 00:17:30,800 - my_logger - INFO - GET /fetch - 200 - None
2023-04-09 00:18:22,823 - my_logger - INFO - GET /docs - 200 - None
2023-04-09 00:18:23,022 - my_logger - INFO - GET /openapi.json - 200 - None
2023-04-09 00:18:28,707 - my_logger - INFO - GET /fetch - 200 - None
2023-04-09 00:41:17,128 - my_logger - INFO - GET /docs - 200 - None
2023-04-09 00:41:17,728 - my_logger - INFO - GET /openapi.json - 200 - None
2023-04-09 00:43:14,025 - my_logger - INFO - GET /fetch - 200 - None
2023-04-09 00:43:46,167 - my_logger - INFO - GET /fetch - 200 - None
2023-04-09 00:44:28,686 - my_logger - INFO - GET /fetch - 200 - None
2023-04-09 00:45:17,043 - my_logger - INFO - GET /docs - 200 - None
2023-04-09 00:45:17,612 - my_logger - INFO - GET /openapi.json - 200 - None
2023-04-09 00:46:20,118 - my_logger - INFO - GET /fetch - 200 - None
2023-04-09 22:30:29,559 - my_logger - INFO - GET /fetch - 200 - None
2023-04-09 22:30:40,364 - my_logger - INFO - GET /docs - 200 - None
2023-04-09 22:30:41,518 - my_logger - INFO - GET /openapi.json - 200 - None
2023-04-09 22:32:05,463 - my_logger - INFO - GET /fetch - 200 - None
2023-04-09 22:33:16,530 - my_logger - INFO - GET /fetch - 200 - None
2023-04-09 22:33:32,227 - my_logger - INFO - GET /fetch - 200 - None
2023-04-09 22:33:49,326 - my_logger - INFO - GET /fetch - 200 - None
2023-04-09 22:34:11,649 - my_logger - INFO - GET /fetch - 200 - None
2023-04-09 22:34:18,315 - my_logger - INFO - GET /fetch - 200 - None
2023-04-09 22:34:34,373 - my_logger - INFO - GET /fetch - 200 - None
2023-04-09 22:34:51,047 - my_logger - INFO - GET /fetch - 200 - None
2023-04-09 22:34:56,383 - my_logger - INFO - GET /fetch - 200 - None
2023-04-09 22:35:06,629 - my_logger - INFO - GET /fetch - 200 - None
2023-04-09 22:35:43,202 - my_logger - INFO - GET /docs - 200 - None
2023-04-09 22:35:43,772 - my_logger - INFO - GET /openapi.json - 200 - None
2023-04-09 22:36:26,269 - my_logger - INFO - GET /fetch - 200 - None
2023-04-09 22:37:11,053 - my_logger - INFO - GET /fetch - 200 - None
2023-04-09 22:37:32,586 - my_logger - INFO - POST /fetch - 200 - None
2023-04-09 22:37:45,941 - my_logger - INFO - POST /register - 200 - None
2023-04-09 22:37:54,779 - my_logger - INFO - POST /fetch - 200 - None
